0 info it worked if it ends with ok
1 verbose cli [ '/Users/TylerH/.nvm/versions/node/v4.1.0/bin/node',
1 verbose cli   '/Users/TylerH/.nvm/versions/node/v4.1.0/bin/npm',
1 verbose cli   'run',
1 verbose cli   'tests' ]
2 info using npm@3.3.3
3 info using node@v4.1.0
4 verbose run-script [ 'pretests', 'tests', 'posttests' ]
5 info lifecycle hearth@1.0.0~pretests: hearth@1.0.0
6 silly lifecycle hearth@1.0.0~pretests: no script for pretests, continuing
7 info lifecycle hearth@1.0.0~tests: hearth@1.0.0
8 verbose lifecycle hearth@1.0.0~tests: unsafe-perm in lifecycle true
9 verbose lifecycle hearth@1.0.0~tests: PATH: /Users/TylerH/.nvm/versions/node/v4.1.0/lib/node_modules/npm/bin/node-gyp-bin:/Users/TylerH/Desktop/Projects/Hearth/react-transform-boilerplate/node_modules/.bin:/Users/TylerH/.nvm/versions/node/v4.1.0/bin:/Users/TylerH/.rvm/gems/ruby-2.0.0-p195/bin:/Library/Frameworks/Python.framework/Versions/3.4/bin:/Users/TylerH/.rvm/gems/ruby-2.1.4/bin:/Users/TylerH/.rvm/gems/ruby-2.1.4@global/bin:/Users/TylerH/.rvm/rubies/ruby-2.1.4/bin:/opt/local/bin:/opt/local/sbin:/usr/local/bin:/usr/local/git/bin:/usr/local/bin:/usr/bin:/usr/local/sbin:/usr/local/bin:/usr/bin:/bin:/usr/sbin:/sbin:/opt/X11/bin:/Users/TylerH/.rvm/bin
10 verbose lifecycle hearth@1.0.0~tests: CWD: /Users/TylerH/Desktop/Projects/Hearth/react-transform-boilerplate
11 silly lifecycle hearth@1.0.0~tests: Args: [ '-c', 'NODE_ENV=test karma start --single-run=false' ]
12 silly lifecycle hearth@1.0.0~tests: Returned: code: 1  signal: null
13 info lifecycle hearth@1.0.0~tests: Failed to exec tests script
14 verbose stack Error: hearth@1.0.0 tests: `NODE_ENV=test karma start --single-run=false`
14 verbose stack Exit status 1
14 verbose stack     at EventEmitter.<anonymous> (/Users/TylerH/.nvm/versions/node/v4.1.0/lib/node_modules/npm/lib/utils/lifecycle.js:233:16)
14 verbose stack     at emitTwo (events.js:87:13)
14 verbose stack     at EventEmitter.emit (events.js:172:7)
14 verbose stack     at ChildProcess.<anonymous> (/Users/TylerH/.nvm/versions/node/v4.1.0/lib/node_modules/npm/lib/utils/spawn.js:24:14)
14 verbose stack     at emitTwo (events.js:87:13)
14 verbose stack     at ChildProcess.emit (events.js:172:7)
14 verbose stack     at maybeClose (internal/child_process.js:817:16)
14 verbose stack     at Process.ChildProcess._handle.onexit (internal/child_process.js:211:5)
15 verbose pkgid hearth@1.0.0
16 verbose cwd /Users/TylerH/Desktop/Projects/Hearth/react-transform-boilerplate
17 error Darwin 15.0.0
18 error argv "/Users/TylerH/.nvm/versions/node/v4.1.0/bin/node" "/Users/TylerH/.nvm/versions/node/v4.1.0/bin/npm" "run" "tests"
19 error node v4.1.0
20 error npm  v3.3.3
21 error code ELIFECYCLE
22 error hearth@1.0.0 tests: `NODE_ENV=test karma start --single-run=false`
22 error Exit status 1
23 error Failed at the hearth@1.0.0 tests script 'NODE_ENV=test karma start --single-run=false'.
23 error This is most likely a problem with the hearth package,
23 error not with npm itself.
23 error Tell the author that this fails on your system:
23 error     NODE_ENV=test karma start --single-run=false
23 error You can get their info via:
23 error     npm owner ls hearth
23 error There is likely additional logging output above.
24 verbose exit [ 1, true ]
